<?xml version="1.0" encoding="UTF-8"?>
<!-- Generated by org.testng.reporters.JUnitReportReporter -->
<testsuite hostname="Dragoljijasevic" failures="0" tests="7" name="Tests.LoginTest" time="65.419" errors="0" timestamp="2023-01-21T17:15:35 CET" skipped="0">
  <testcase classname="Tests.LoginTest" name="userCanLogIn" time="10.812"/>
  <system-out/>
  <testcase classname="Tests.LoginTest" name="userCannotLogInWithInvalidUsername" time="8.133"/>
  <system-out/>
  <testcase classname="Tests.LoginTest" name="userCannotLogInWithInvalidPassword" time="8.114"/>
  <system-out/>
  <testcase classname="Tests.LoginTest" name="userCannotLogInWithInvalidUsernameAndPassword" time="7.284"/>
  <system-out/>
  <testcase classname="Tests.LoginTest" name="userCannotLogInWithInvalidUsernameAndPassword" time="8.079"/>
  <system-out/>
  <testcase classname="Tests.LoginTest" name="userCannotLogInWithInvalidUsernameAndPassword" time="7.093"/>
  <system-out/>
  <testcase classname="Tests.LoginTest" name="userCannotLogInWithRandomData" time="15.904"/>
  <system-out/>
</testsuite> <!-- Tests.LoginTest -->
